 Maximum iterations =          4000
 ---------- Iteration number:           100  ---------------
(9995,9995): 63.70  (9996,9996): 73.04  (9997,9997): 81.74  (9998,9998): 89.25  (9999,9999): 95.06  (****,****): 98.74   
 ---------- Iteration number:           200  ---------------
(9995,9995): 79.63  (9996,9996): 85.34  (9997,9997): 90.33  (9998,9998): 94.42  (9999,9999): 97.47  (****,****): 99.36   
 ---------- Iteration number:           300  ---------------
(9995,9995): 85.85  (9996,9996): 89.92  (9997,9997): 93.41  (9998,9998): 96.23  (9999,9999): 98.30  (****,****): 99.57   
 ---------- Iteration number:           400  ---------------
(9995,9995): 89.15  (9996,9996): 92.32  (9997,9997): 95.00  (9998,9998): 97.14  (9999,9999): 98.71  (****,****): 99.67   
 ---------- Iteration number:           500  ---------------
(9995,9995): 91.20  (9996,9996): 93.79  (9997,9997): 95.96  (9998,9998): 97.70  (9999,9999): 98.96  (****,****): 99.74   
 ---------- Iteration number:           600  ---------------
(9995,9995): 92.59  (9996,9996): 94.78  (9997,9997): 96.61  (9998,9998): 98.07  (9999,9999): 99.13  (****,****): 99.78   
 ---------- Iteration number:           700  ---------------
(9995,9995): 93.60  (9996,9996): 95.49  (9997,9997): 97.08  (9998,9998): 98.34  (9999,9999): 99.25  (****,****): 99.81   
 ---------- Iteration number:           800  ---------------
(9995,9995): 94.36  (9996,9996): 96.04  (9997,9997): 97.43  (9998,9998): 98.54  (9999,9999): 99.34  (****,****): 99.83   
 ---------- Iteration number:           900  ---------------
(9995,9995): 94.96  (9996,9996): 96.46  (9997,9997): 97.71  (9998,9998): 98.69  (9999,9999): 99.41  (****,****): 99.85   
 ---------- Iteration number:          1000  ---------------
(9995,9995): 95.44  (9996,9996): 96.80  (9997,9997): 97.93  (9998,9998): 98.82  (9999,9999): 99.47  (****,****): 99.86   
 ---------- Iteration number:          1100  ---------------
(9995,9995): 95.84  (9996,9996): 97.08  (9997,9997): 98.11  (9998,9998): 98.92  (9999,9999): 99.51  (****,****): 99.88   
 ---------- Iteration number:          1200  ---------------
(9995,9995): 96.17  (9996,9996): 97.31  (9997,9997): 98.26  (9998,9998): 99.01  (9999,9999): 99.55  (****,****): 99.88   
 ---------- Iteration number:          1300  ---------------
(9995,9995): 96.45  (9996,9996): 97.51  (9997,9997): 98.39  (9998,9998): 99.08  (9999,9999): 99.58  (****,****): 99.89   
 ---------- Iteration number:          1400  ---------------
(9995,9995): 96.69  (9996,9996): 97.68  (9997,9997): 98.50  (9998,9998): 99.14  (9999,9999): 99.61  (****,****): 99.90   
 ---------- Iteration number:          1500  ---------------
(9995,9995): 96.90  (9996,9996): 97.83  (9997,9997): 98.59  (9998,9998): 99.19  (9999,9999): 99.63  (****,****): 99.91   
 ---------- Iteration number:          1600  ---------------
(9995,9995): 97.09  (9996,9996): 97.96  (9997,9997): 98.67  (9998,9998): 99.24  (9999,9999): 99.65  (****,****): 99.91   
 ---------- Iteration number:          1700  ---------------
(9995,9995): 97.25  (9996,9996): 98.07  (9997,9997): 98.75  (9998,9998): 99.28  (9999,9999): 99.67  (****,****): 99.92   
 ---------- Iteration number:          1800  ---------------
(9995,9995): 97.40  (9996,9996): 98.17  (9997,9997): 98.81  (9998,9998): 99.32  (9999,9999): 99.69  (****,****): 99.92   
 ---------- Iteration number:          1900  ---------------
(9995,9995): 97.53  (9996,9996): 98.26  (9997,9997): 98.87  (9998,9998): 99.35  (9999,9999): 99.70  (****,****): 99.92   
 ---------- Iteration number:          2000  ---------------
(9995,9995): 97.64  (9996,9996): 98.34  (9997,9997): 98.93  (9998,9998): 99.38  (9999,9999): 99.72  (****,****): 99.93   
 ---------- Iteration number:          2100  ---------------
(9995,9995): 97.75  (9996,9996): 98.42  (9997,9997): 98.97  (9998,9998): 99.41  (9999,9999): 99.73  (****,****): 99.93   
 ---------- Iteration number:          2200  ---------------
(9995,9995): 97.85  (9996,9996): 98.49  (9997,9997): 99.02  (9998,9998): 99.44  (9999,9999): 99.74  (****,****): 99.93   
 ---------- Iteration number:          2300  ---------------
(9995,9995): 97.94  (9996,9996): 98.55  (9997,9997): 99.06  (9998,9998): 99.46  (9999,9999): 99.75  (****,****): 99.94   
 ---------- Iteration number:          2400  ---------------
(9995,9995): 98.02  (9996,9996): 98.60  (9997,9997): 99.09  (9998,9998): 99.48  (9999,9999): 99.76  (****,****): 99.94   
 ---------- Iteration number:          2500  ---------------
(9995,9995): 98.09  (9996,9996): 98.66  (9997,9997): 99.13  (9998,9998): 99.50  (9999,9999): 99.77  (****,****): 99.94   
 ---------- Iteration number:          2600  ---------------
(9995,9995): 98.16  (9996,9996): 98.70  (9997,9997): 99.16  (9998,9998): 99.51  (9999,9999): 99.78  (****,****): 99.94   
 ---------- Iteration number:          2700  ---------------
(9995,9995): 98.22  (9996,9996): 98.75  (9997,9997): 99.19  (9998,9998): 99.53  (9999,9999): 99.78  (****,****): 99.94   
 ---------- Iteration number:          2800  ---------------
(9995,9995): 98.28  (9996,9996): 98.79  (9997,9997): 99.21  (9998,9998): 99.55  (9999,9999): 99.79  (****,****): 99.94   
 ---------- Iteration number:          2900  ---------------
(9995,9995): 98.34  (9996,9996): 98.83  (9997,9997): 99.24  (9998,9998): 99.56  (9999,9999): 99.80  (****,****): 99.95   
 ---------- Iteration number:          3000  ---------------
(9995,9995): 98.39  (9996,9996): 98.87  (9997,9997): 99.26  (9998,9998): 99.57  (9999,9999): 99.80  (****,****): 99.95   
 ---------- Iteration number:          3100  ---------------
(9995,9995): 98.44  (9996,9996): 98.90  (9997,9997): 99.28  (9998,9998): 99.58  (9999,9999): 99.81  (****,****): 99.95   
 ---------- Iteration number:          3200  ---------------
(9995,9995): 98.48  (9996,9996): 98.93  (9997,9997): 99.30  (9998,9998): 99.60  (9999,9999): 99.81  (****,****): 99.95   
 ---------- Iteration number:          3300  ---------------
(9995,9995): 98.53  (9996,9996): 98.96  (9997,9997): 99.32  (9998,9998): 99.61  (9999,9999): 99.82  (****,****): 99.95   
 ---------- Iteration number:          3400  ---------------
(9995,9995): 98.57  (9996,9996): 98.99  (9997,9997): 99.34  (9998,9998): 99.62  (9999,9999): 99.82  (****,****): 99.95   
 ---------- Iteration number:          3500  ---------------
(9995,9995): 98.60  (9996,9996): 99.01  (9997,9997): 99.36  (9998,9998): 99.63  (9999,9999): 99.83  (****,****): 99.95   
 Temperature at checkpoint point    16.93336552264856     
 Max error at iteration          3578  was    9.9986234744449121E-003
 Total time was     7.753499984741211       seconds.
